<?xml version="1.0" encoding="UTF-8"?>
<robot generator="Robot 6.1 (Python 3.11.4 on win32)" generated="20230725 22:06:15.766" rpa="false" schemaversion="4">
<suite id="s1" name="Robotframework" source="C:\Users\korzel\projects\robotframework">
<suite id="s1-s1" name="Test Login Rf" source="C:\Users\korzel\projects\robotframework\test_login_rf.robot">
<test id="s1-s1-t1" name="Login to the system remind password" line="45">
<kw name="Open Login Page">
<kw name="Open Browser" library="SeleniumLibrary">
<arg>${LOGIN URL}</arg>
<arg>${BROWSER}</arg>
<doc>Opens a new browser instance to the optional ``url``.</doc>
<msg timestamp="20230725 22:06:15.956" level="INFO">Opening browser 'Chrome' to base url 'https://scouts-test.futbolkolektyw.pl/en/login'.</msg>
<status status="PASS" starttime="20230725 22:06:15.955" endtime="20230725 22:06:17.351"/>
</kw>
<kw name="Title Should Be" library="SeleniumLibrary">
<arg>Scouts panel - sign in</arg>
<doc>Verifies that the current page title equals ``title``.</doc>
<msg timestamp="20230725 22:06:17.357" level="INFO">Page title is 'Scouts panel - sign in'.</msg>
<status status="PASS" starttime="20230725 22:06:17.352" endtime="20230725 22:06:17.357"/>
</kw>
<status status="PASS" starttime="20230725 22:06:15.955" endtime="20230725 22:06:17.357"/>
</kw>
<kw name="Click On The Remind Password">
<kw name="Click Element" library="SeleniumLibrary">
<arg>${REMINDPASSWORD}</arg>
<doc>Click the element identified by ``locator``.</doc>
<msg timestamp="20230725 22:06:17.358" level="INFO">Clicking element 'xpath=//a[contains(text(),'Remind password')]'.</msg>
<status status="PASS" starttime="20230725 22:06:17.358" endtime="20230725 22:06:17.415"/>
</kw>
<status status="PASS" starttime="20230725 22:06:17.357" endtime="20230725 22:06:17.415"/>
</kw>
<kw name="Type In Email Remind">
<kw name="Input Text" library="SeleniumLibrary">
<arg>${EMAILINPUTREMIND}</arg>
<arg>user03@getnada.com</arg>
<doc>Types the given ``text`` into the text field identified by ``locator``.</doc>
<msg timestamp="20230725 22:06:17.417" level="INFO">Typing text 'user03@getnada.com' into text field 'xpath=//*[@name='email']'.</msg>
<status status="PASS" starttime="20230725 22:06:17.416" endtime="20230725 22:06:17.538"/>
</kw>
<status status="PASS" starttime="20230725 22:06:17.416" endtime="20230725 22:06:17.538"/>
</kw>
<kw name="Click On The Send Button Remind">
<kw name="Click Element" library="SeleniumLibrary">
<arg>${SENDBUTTONREMIND}</arg>
<doc>Click the element identified by ``locator``.</doc>
<msg timestamp="20230725 22:06:17.539" level="INFO">Clicking element 'xpath=//span[contains(text(),'Send')]'.</msg>
<status status="PASS" starttime="20230725 22:06:17.539" endtime="20230725 22:06:17.583"/>
</kw>
<status status="PASS" starttime="20230725 22:06:17.539" endtime="20230725 22:06:17.583"/>
</kw>
<kw name="Assert Remind Password">
<kw name="Wait Until Element Is Visible" library="SeleniumLibrary">
<arg>${POPUPREMIND}</arg>
<doc>Waits until the element ``locator`` is visible.</doc>
<status status="PASS" starttime="20230725 22:06:17.583" endtime="20230725 22:06:19.280"/>
</kw>
<kw name="Title Should Be" library="SeleniumLibrary">
<arg>Remind password</arg>
<doc>Verifies that the current page title equals ``title``.</doc>
<msg timestamp="20230725 22:06:19.283" level="INFO">Page title is 'Remind password'.</msg>
<status status="PASS" starttime="20230725 22:06:19.281" endtime="20230725 22:06:19.283"/>
</kw>
<kw name="Capture Page Screenshot" library="SeleniumLibrary">
<arg>${OUTPUTDIR}/selenium-screenshot-4.png</arg>
<doc>Takes a screenshot of the current page and embeds it into a log file.</doc>
<msg timestamp="20230725 22:06:19.373" level="INFO" html="true">&lt;/td&gt;&lt;/tr&gt;&lt;tr&gt;&lt;td colspan="3"&gt;&lt;a href="selenium-screenshot-4.png"&gt;&lt;img src="selenium-screenshot-4.png" width="800px"&gt;&lt;/a&gt;</msg>
<status status="PASS" starttime="20230725 22:06:19.284" endtime="20230725 22:06:19.373"/>
</kw>
<status status="PASS" starttime="20230725 22:06:17.583" endtime="20230725 22:06:19.373"/>
</kw>
<kw name="Close Browser" library="SeleniumLibrary" type="TEARDOWN">
<doc>Closes the current browser.</doc>
<status status="PASS" starttime="20230725 22:06:19.373" endtime="20230725 22:06:21.446"/>
</kw>
<status status="PASS" starttime="20230725 22:06:15.954" endtime="20230725 22:06:21.447"/>
</test>
<doc>Suite description #automated tests for scout website</doc>
<status status="PASS" starttime="20230725 22:06:15.787" endtime="20230725 22:06:21.452"/>
</suite>
<status status="PASS" starttime="20230725 22:06:15.767" endtime="20230725 22:06:21.457"/>
</suite>
<statistics>
<total>
<stat pass="1" fail="0" skip="0">All Tests</stat>
</total>
<tag>
</tag>
<suite>
<stat pass="1" fail="0" skip="0" id="s1" name="Robotframework">Robotframework</stat>
<stat pass="1" fail="0" skip="0" id="s1-s1" name="Test Login Rf">Robotframework.Test Login Rf</stat>
</suite>
</statistics>
<errors>
</errors>
</robot>
